{"/Users/hicham/Desktop/Test/Project_3/src/constants/strings.ts": {"path":"/Users/hicham/Desktop/Test/Project_3/src/constants/strings.ts","statementMap":{"0":{"start":{"line":3,"column":25},"end":{"line":3,"column":37}},"1":{"start":{"line":5,"column":16},"end":{"line":12,"column":2}}},"fnMap":{},"branchMap":{},"s":{"0":1,"1":1},"f":{},"b":{},"_coverageSchema":"1a1c01bbd47fc00a2c39e90264f33305004495a9","hash":"479bb7412b9f8df61bc78e1a2ec7b2ec97919f65"}
,"/Users/hicham/Desktop/Test/Project_3/src/containers/Home.tsx": {"path":"/Users/hicham/Desktop/Test/Project_3/src/containers/Home.tsx","statementMap":{"0":{"start":{"line":6,"column":21},"end":{"line":9,"column":2}},"1":{"start":{"line":27,"column":4},"end":{"line":33,"column":6}},"2":{"start":{"line":42,"column":15},"end":{"line":59,"column":2}}},"fnMap":{"0":{"name":"(anonymous_0)","decl":{"start":{"line":22,"column":2},"end":{"line":22,"column":3}},"loc":{"start":{"line":22,"column":22},"end":{"line":24,"column":3}},"line":22},"1":{"name":"(anonymous_1)","decl":{"start":{"line":26,"column":2},"end":{"line":26,"column":3}},"loc":{"start":{"line":26,"column":11},"end":{"line":34,"column":3}},"line":26}},"branchMap":{},"s":{"0":1,"1":1,"2":1},"f":{"0":1,"1":1},"b":{},"_coverageSchema":"1a1c01bbd47fc00a2c39e90264f33305004495a9","hash":"7f3ecdadb9b604d9495f79eda481bf02f254f26e"}
}
